<?xml version="1.0" encoding="UTF-8"?>
<!-- Generated by org.testng.reporters.JUnitReportReporter -->
<testsuite skipped="0" hostname="Temp08" name="com.agilysys.DemoAutomationTest.SampleTest" tests="1" failures="0" timestamp="2020-05-07T10:59:46 IST" time="0.000" errors="0">
  <testcase name="launchBrowser" time="0.000" classname="com.agilysys.DemoAutomationTest.SampleTest"/>
  <system-out/>
</testsuite> <!-- com.agilysys.DemoAutomationTest.SampleTest -->
